<?xml version="1.0" encoding="UTF-8"?>
<!-- Generated by org.testng.reporters.JUnitReportReporter -->
<testsuite hostname="WKWIN7395500" failures="0" tests="1" name="quickStart.selenium.testMyCoreFramework.AppTest" time="0.002" errors="0" timestamp="21 Jan 2019 07:40:56 GMT" skipped="0">
  <testcase classname="quickStart.selenium.testMyCoreFramework.AppTest" name="testApp" time="0.002"/>
</testsuite> <!-- quickStart.selenium.testMyCoreFramework.AppTest -->
