<?xml version="1.0" encoding="UTF-8"?>
<!-- Generated by org.testng.reporters.JUnitReportReporter -->
<testsuite hostname="WKWIN7395500" failures="0" tests="1" name="quickStart.selenium.FacebookAutomation.tests.CheckFbLoginPage" time="6.317" errors="0" timestamp="21 Jan 2019 06:11:18 GMT" skipped="0">
  <testcase classname="quickStart.selenium.FacebookAutomation.tests.CheckFbLoginPage" name="checkWithInvalidCredentials" time="6.317"/>
</testsuite> <!-- quickStart.selenium.FacebookAutomation.tests.CheckFbLoginPage -->
