<?xml version="1.0" encoding="UTF-8"?>
<!-- Generated by org.testng.reporters.JUnitReportReporter -->
<testsuite hostname="WKWIN7395500" failures="0" tests="1" name="quickStart.selenium.testMyCoreFramework.MoneycontrolHomePage" time="40.564" errors="0" timestamp="20 Jan 2019 17:38:37 GMT" skipped="0">
  <testcase classname="quickStart.selenium.testMyCoreFramework.MoneycontrolHomePage" name="navigateToMoneyControl" time="40.564"/>
</testsuite> <!-- quickStart.selenium.testMyCoreFramework.MoneycontrolHomePage -->
